<?xml version="1.0" encoding="UTF-8"?>
<!-- Generated by org.testng.reporters.JUnitReportReporter -->
<testsuite skipped="0" hostname="DESKTOP-FF2JEON" name="testsZavrsniProjekat.LogInTests" tests="5" failures="0" timestamp="2021-06-14T18:25:10 CEST" time="105.598" errors="0">
  <testcase name="signOut" time="26.995" classname="testsZavrsniProjekat.LogInTests"/>
  <system-out/>
  <testcase name="logInWithEmptyCredentials" time="28.108" classname="testsZavrsniProjekat.LogInTests"/>
  <system-out/>
  <testcase name="logInWithEmptyPasswordAndEnteredEmail" time="20.807" classname="testsZavrsniProjekat.LogInTests"/>
  <system-out/>
  <testcase name="logInWithInvalidCredentials" time="16.183" classname="testsZavrsniProjekat.LogInTests"/>
  <system-out/>
  <testcase name="logInWithValidCredentials" time="13.505" classname="testsZavrsniProjekat.LogInTests"/>
  <system-out/>
</testsuite> <!-- testsZavrsniProjekat.LogInTests -->
