<?xml version="1.0" encoding="UTF-8"?>
<!-- Generated by org.testng.reporters.JUnitReportReporter -->
<testsuite skipped="0" hostname="DESKTOP-FF2JEON" name="tests.Proba" tests="1" failures="0" timestamp="2021-06-08T21:34:56 CEST" time="16.410" errors="0">
  <testcase name="test" time="16.410" classname="tests.Proba"/>
  <system-out/>
</testsuite> <!-- tests.Proba -->
